<?xml version="1.0" encoding="UTF-8"?>
<!-- Generated by org.testng.reporters.JUnitXMLReporter -->
<testsuite ignored="0" hostname="LNL-5CG2352LBN" failures="0" tests="3" name="Default test" time="3.213" errors="0" timestamp="2024-07-03T17:35:13 CEST">
  <testcase classname="in.reqes.qa.apitestcases.HTTPRequestPostPut" name="createUser" time="2.759"/>
  <testcase classname="in.reqes.qa.apitestcases.HTTPRequestPostPut" name="getUser" time="0.204"/>
  <testcase classname="in.reqes.qa.apitestcases.HTTPRequestPostPut" name="UpdateUser" time="0.182"/>
</testsuite> <!-- Default test -->
