<?xml version="1.0" encoding="UTF-8"?>
<!-- Generated by org.testng.reporters.JUnitXMLReporter -->
<testsuite ignored="0" hostname="LNL-5CG2352LBN" failures="0" tests="3" name="Sauce labs test suite" time="2.875" errors="0" timestamp="2024-07-03T18:37:40 CEST">
  <testcase classname="in.reqes.qa.apitestcases.HTTPRequestPostPut" name="createUser" time="2.456"/>
  <testcase classname="in.reqes.qa.apitestcases.HTTPRequestPostPut" name="getUser" time="0.182"/>
  <testcase classname="in.reqes.qa.apitestcases.HTTPRequestPostPut" name="UpdateUser" time="0.2"/>
</testsuite> <!-- Sauce labs test suite -->
